<?xml version="1.0" encoding="UTF-8"?>
<testng-results skipped="0" failed="0" ignored="0" total="1" passed="1">
  <reporter-output>
  </reporter-output>
  <suite name="Default suite" duration-ms="1029" started-at="2018-05-20T12:54:16Z" finished-at="2018-05-20T12:54:17Z">
    <groups>
    </groups>
    <test name="Default test" duration-ms="1029" started-at="2018-05-20T12:54:16Z" finished-at="2018-05-20T12:54:17Z">
      <class name="TestNG.TestClass">
        <test-method status="PASS" signature="m1()[pri:0, instance:TestNG.TestClass@cc285f4]" name="m1" duration-ms="88" started-at="2018-05-20T12:54:17Z" finished-at="2018-05-20T12:54:17Z">
          <reporter-output>
          </reporter-output>
        </test-method> <!-- m1 -->
      </class> <!-- TestNG.TestClass -->
    </test> <!-- Default test -->
  </suite> <!-- Default suite -->
</testng-results>
